[1448593336.8482]NULL
[1448601865.3215]NULL
[1448601867.0558]NULL
[1448601868.4935]NULL
[1448601869.2858]NULL
[1448601869.9207]NULL
[1448601897.0102]NULL
[1448602052.5386]NULL
[1448602070.0628]NULL
[1448602080.615]NULL
[1448602096.3245]NULL
[1448602108.719]NULL
[1448602118.967]NULL
[1448602127.0209]NULL
[1448602136.847]NULL
[1448602150.7645]NULL
[1448602176.1971]NULL
[1448602194.3733]NULL
[1448602274.2737]NULL
[1448602288.7213]NULL
[1448602289.321]NULL
[1448602289.6917]NULL
[1448602290.0054]NULL
[1448602290.3021]NULL
[1448602290.5981]NULL
[1448602291.0186]NULL
[1448602291.866]NULL
[1448602292.3351]NULL
[1448602292.8008]NULL
[1448602293.3563]NULL
[1448602293.8291]NULL
[1448602294.421]NULL
[1448602295.1642]NULL
[1448602330.539]NULL
[1448602342.4168]NULL
[1448602354.0727]NULL
[1448602380.9755]NULL
[1448602452.0692]NULL
[1448602492.1325]NULL
[1448602493.6666]NULL
[1448602494.2683]NULL
[1448602494.959]NULL
[1448602520.4165]NULL
[1448602539.6879]NULL
[1448602560.9274]NULL
[1448602582.9386]NULL
[1448602597.3797]NULL
[1448603526.8553]NULL
[1448604756.1492]NULL
[1448604756.9908]NULL
[1448604823.1988]NULL
[1448604878.0997]NULL
[1448604929.0967]NULL
[1448604944.3874]NULL
[1448604973.8324]NULL
[1448604988.3047]NULL
[1448605026.5987]NULL
[1448605072.6063]NULL
[1448605124.9978]NULL
[1448605145.1957]NULL
[1448605167.1172]NULL
[1448605803.3807]NULL
[1448605819.6079]NULL
[1448605868.8216]NULL
[1448606100.0492]NULL
[1448606117.6628]NULL
[1448606130.8989]NULL
[1448606140.4061]NULL
[1448606734.7511]NULL
[1448607877.9443]NULL
[1448607886.9886]NULL
[1448607990.5608]NULL
[1448608015.2083]NULL
[1448608085.4602]NULL
[1448608117.1323]NULL
[1448608748.7608]NULL
[1448608779.3311]NULL
[1448608788.6916]NULL
[1448608799.516]NULL
[1448608807.1706]NULL
[1448608813.5926]NULL
[1448608820.8749]NULL
[1448608836.1281]NULL
[1448608848.2325]NULL
[1448608904.7075]NULL
[1448609084.6734]NULL
[1448609113.2726]NULL
[1448609146.2457]NULL
[1448609469.9542]NULL
[1448610023.169]NULL
[1448610237.9935]NULL
[1448610251.8152]NULL
[1448610286.5934]NULL
[1448610287.4945]NULL
[1448610294.5427]NULL
[1448610305.1207]NULL
[1448610568.6076]NULL
[1448610576.8945]NULL
[1448610615.6374]NULL
[1448610640.1947]NULL
[1448610652.2364]NULL
[1448610662.8782]NULL
[1448610810.2276]NULL
[1448610811.1489]NULL
[1448610829.2968]NULL
[1448610850.4947]NULL
[1448610866.5187]NULL
[1448610876.9048]NULL
[1448610905.3694]NULL
[1448611446.3142]NULL
[1448611476.545]NULL
[1448611480.9277]NULL
